INFO - 2025-01-07 03:23:53 --> Session: Class initialized using 'CodeIgniter\Session\Handlers\FileHandler' driver.
INFO - 2025-01-07 03:23:53 --> Session: Class initialized using 'CodeIgniter\Session\Handlers\FileHandler' driver.
INFO - 2025-01-07 03:26:13 --> Session: Class initialized using 'CodeIgniter\Session\Handlers\FileHandler' driver.
INFO - 2025-01-07 03:26:32 --> Session: Class initialized using 'CodeIgniter\Session\Handlers\FileHandler' driver.
INFO - 2025-01-07 03:28:51 --> Session: Class initialized using 'CodeIgniter\Session\Handlers\FileHandler' driver.
INFO - 2025-01-07 03:30:04 --> Session: Class initialized using 'CodeIgniter\Session\Handlers\FileHandler' driver.
INFO - 2025-01-07 03:30:25 --> Session: Class initialized using 'CodeIgniter\Session\Handlers\FileHandler' driver.
INFO - 2025-01-07 03:32:25 --> Session: Class initialized using 'CodeIgniter\Session\Handlers\FileHandler' driver.
INFO - 2025-01-07 03:32:27 --> Session: Class initialized using 'CodeIgniter\Session\Handlers\FileHandler' driver.
INFO - 2025-01-07 03:40:16 --> Session: Class initialized using 'CodeIgniter\Session\Handlers\FileHandler' driver.
CRITICAL - 2025-01-07 03:40:16 --> ErrorException: Undefined variable $absen
[Method: GET, Route: dashboard]
in APPPATH\Views\dashboardView.php on line 88.
 1 APPPATH\Views\dashboardView.php(88): CodeIgniter\Debug\Exceptions->errorHandler(2, 'Undefined variable $absen', 'C:\\Project\\2024\\absensinurul\\app\\Views\\dashboardView.php', 88)
 2 SYSTEMPATH\View\View.php(234): include('C:\\Project\\2024\\absensinurul\\app\\Views\\dashboardView.php')
 3 SYSTEMPATH\View\View.php(237): CodeIgniter\View\View->CodeIgniter\View\{closure}()
 4 SYSTEMPATH\Common.php(1171): CodeIgniter\View\View->render('dashboardView', [], true)
 5 APPPATH\Controllers\Dashboard.php(15): view('dashboardView')
 6 SYSTEMPATH\CodeIgniter.php(903): App\Controllers\Dashboard->__construct()
 7 SYSTEMPATH\CodeIgniter.php(500): CodeIgniter\CodeIgniter->createController()
 8 SYSTEMPATH\CodeIgniter.php(355): CodeIgniter\CodeIgniter->handleRequest(null, Object(Config\Cache), false)
 9 SYSTEMPATH\Boot.php(325): CodeIgniter\CodeIgniter->run()
10 SYSTEMPATH\Boot.php(67): CodeIgniter\Boot::runCodeIgniter(Object(CodeIgniter\CodeIgniter))
11 FCPATH\index.php(56): CodeIgniter\Boot::bootWeb(Object(Config\Paths))
INFO - 2025-01-07 03:40:17 --> Session: Class initialized using 'CodeIgniter\Session\Handlers\FileHandler' driver.
CRITICAL - 2025-01-07 03:40:17 --> ErrorException: Undefined variable $absen
[Method: GET, Route: dashboard]
in APPPATH\Views\dashboardView.php on line 88.
 1 APPPATH\Views\dashboardView.php(88): CodeIgniter\Debug\Exceptions->errorHandler(2, 'Undefined variable $absen', 'C:\\Project\\2024\\absensinurul\\app\\Views\\dashboardView.php', 88)
 2 SYSTEMPATH\View\View.php(234): include('C:\\Project\\2024\\absensinurul\\app\\Views\\dashboardView.php')
 3 SYSTEMPATH\View\View.php(237): CodeIgniter\View\View->CodeIgniter\View\{closure}()
 4 SYSTEMPATH\Common.php(1171): CodeIgniter\View\View->render('dashboardView', [], true)
 5 APPPATH\Controllers\Dashboard.php(15): view('dashboardView')
 6 SYSTEMPATH\CodeIgniter.php(903): App\Controllers\Dashboard->__construct()
 7 SYSTEMPATH\CodeIgniter.php(500): CodeIgniter\CodeIgniter->createController()
 8 SYSTEMPATH\CodeIgniter.php(355): CodeIgniter\CodeIgniter->handleRequest(null, Object(Config\Cache), false)
 9 SYSTEMPATH\Boot.php(325): CodeIgniter\CodeIgniter->run()
10 SYSTEMPATH\Boot.php(67): CodeIgniter\Boot::runCodeIgniter(Object(CodeIgniter\CodeIgniter))
11 FCPATH\index.php(56): CodeIgniter\Boot::bootWeb(Object(Config\Paths))
INFO - 2025-01-07 03:40:55 --> Session: Class initialized using 'CodeIgniter\Session\Handlers\FileHandler' driver.
CRITICAL - 2025-01-07 03:40:55 --> ErrorException: Undefined variable $absen
[Method: GET, Route: dashboard]
in APPPATH\Views\dashboardView.php on line 88.
 1 APPPATH\Views\dashboardView.php(88): CodeIgniter\Debug\Exceptions->errorHandler(2, 'Undefined variable $absen', 'C:\\Project\\2024\\absensinurul\\app\\Views\\dashboardView.php', 88)
 2 SYSTEMPATH\View\View.php(234): include('C:\\Project\\2024\\absensinurul\\app\\Views\\dashboardView.php')
 3 SYSTEMPATH\View\View.php(237): CodeIgniter\View\View->CodeIgniter\View\{closure}()
 4 SYSTEMPATH\Common.php(1171): CodeIgniter\View\View->render('dashboardView', [], true)
 5 APPPATH\Controllers\Dashboard.php(15): view('dashboardView')
 6 SYSTEMPATH\CodeIgniter.php(903): App\Controllers\Dashboard->__construct()
 7 SYSTEMPATH\CodeIgniter.php(500): CodeIgniter\CodeIgniter->createController()
 8 SYSTEMPATH\CodeIgniter.php(355): CodeIgniter\CodeIgniter->handleRequest(null, Object(Config\Cache), false)
 9 SYSTEMPATH\Boot.php(325): CodeIgniter\CodeIgniter->run()
10 SYSTEMPATH\Boot.php(67): CodeIgniter\Boot::runCodeIgniter(Object(CodeIgniter\CodeIgniter))
11 FCPATH\index.php(56): CodeIgniter\Boot::bootWeb(Object(Config\Paths))
INFO - 2025-01-07 03:40:55 --> Session: Class initialized using 'CodeIgniter\Session\Handlers\FileHandler' driver.
CRITICAL - 2025-01-07 03:40:55 --> ErrorException: Undefined variable $absen
[Method: GET, Route: dashboard]
in APPPATH\Views\dashboardView.php on line 88.
 1 APPPATH\Views\dashboardView.php(88): CodeIgniter\Debug\Exceptions->errorHandler(2, 'Undefined variable $absen', 'C:\\Project\\2024\\absensinurul\\app\\Views\\dashboardView.php', 88)
 2 SYSTEMPATH\View\View.php(234): include('C:\\Project\\2024\\absensinurul\\app\\Views\\dashboardView.php')
 3 SYSTEMPATH\View\View.php(237): CodeIgniter\View\View->CodeIgniter\View\{closure}()
 4 SYSTEMPATH\Common.php(1171): CodeIgniter\View\View->render('dashboardView', [], true)
 5 APPPATH\Controllers\Dashboard.php(15): view('dashboardView')
 6 SYSTEMPATH\CodeIgniter.php(903): App\Controllers\Dashboard->__construct()
 7 SYSTEMPATH\CodeIgniter.php(500): CodeIgniter\CodeIgniter->createController()
 8 SYSTEMPATH\CodeIgniter.php(355): CodeIgniter\CodeIgniter->handleRequest(null, Object(Config\Cache), false)
 9 SYSTEMPATH\Boot.php(325): CodeIgniter\CodeIgniter->run()
10 SYSTEMPATH\Boot.php(67): CodeIgniter\Boot::runCodeIgniter(Object(CodeIgniter\CodeIgniter))
11 FCPATH\index.php(56): CodeIgniter\Boot::bootWeb(Object(Config\Paths))
INFO - 2025-01-07 03:41:50 --> Session: Class initialized using 'CodeIgniter\Session\Handlers\FileHandler' driver.
CRITICAL - 2025-01-07 03:41:50 --> ErrorException: Undefined variable $absen
[Method: GET, Route: dashboard]
in APPPATH\Views\dashboardView.php on line 88.
 1 APPPATH\Views\dashboardView.php(88): CodeIgniter\Debug\Exceptions->errorHandler(2, 'Undefined variable $absen', 'C:\\Project\\2024\\absensinurul\\app\\Views\\dashboardView.php', 88)
 2 SYSTEMPATH\View\View.php(234): include('C:\\Project\\2024\\absensinurul\\app\\Views\\dashboardView.php')
 3 SYSTEMPATH\View\View.php(237): CodeIgniter\View\View->CodeIgniter\View\{closure}()
 4 SYSTEMPATH\Common.php(1171): CodeIgniter\View\View->render('dashboardView', [], true)
 5 APPPATH\Controllers\Dashboard.php(15): view('dashboardView')
 6 SYSTEMPATH\CodeIgniter.php(903): App\Controllers\Dashboard->__construct()
 7 SYSTEMPATH\CodeIgniter.php(500): CodeIgniter\CodeIgniter->createController()
 8 SYSTEMPATH\CodeIgniter.php(355): CodeIgniter\CodeIgniter->handleRequest(null, Object(Config\Cache), false)
 9 SYSTEMPATH\Boot.php(325): CodeIgniter\CodeIgniter->run()
10 SYSTEMPATH\Boot.php(67): CodeIgniter\Boot::runCodeIgniter(Object(CodeIgniter\CodeIgniter))
11 FCPATH\index.php(56): CodeIgniter\Boot::bootWeb(Object(Config\Paths))
INFO - 2025-01-07 03:41:51 --> Session: Class initialized using 'CodeIgniter\Session\Handlers\FileHandler' driver.
CRITICAL - 2025-01-07 03:41:51 --> ErrorException: Undefined variable $absen
[Method: GET, Route: dashboard]
in APPPATH\Views\dashboardView.php on line 88.
 1 APPPATH\Views\dashboardView.php(88): CodeIgniter\Debug\Exceptions->errorHandler(2, 'Undefined variable $absen', 'C:\\Project\\2024\\absensinurul\\app\\Views\\dashboardView.php', 88)
 2 SYSTEMPATH\View\View.php(234): include('C:\\Project\\2024\\absensinurul\\app\\Views\\dashboardView.php')
 3 SYSTEMPATH\View\View.php(237): CodeIgniter\View\View->CodeIgniter\View\{closure}()
 4 SYSTEMPATH\Common.php(1171): CodeIgniter\View\View->render('dashboardView', [], true)
 5 APPPATH\Controllers\Dashboard.php(15): view('dashboardView')
 6 SYSTEMPATH\CodeIgniter.php(903): App\Controllers\Dashboard->__construct()
 7 SYSTEMPATH\CodeIgniter.php(500): CodeIgniter\CodeIgniter->createController()
 8 SYSTEMPATH\CodeIgniter.php(355): CodeIgniter\CodeIgniter->handleRequest(null, Object(Config\Cache), false)
 9 SYSTEMPATH\Boot.php(325): CodeIgniter\CodeIgniter->run()
10 SYSTEMPATH\Boot.php(67): CodeIgniter\Boot::runCodeIgniter(Object(CodeIgniter\CodeIgniter))
11 FCPATH\index.php(56): CodeIgniter\Boot::bootWeb(Object(Config\Paths))
INFO - 2025-01-07 03:42:09 --> Session: Class initialized using 'CodeIgniter\Session\Handlers\FileHandler' driver.
CRITICAL - 2025-01-07 03:42:09 --> ErrorException: Undefined variable $absen
[Method: GET, Route: dashboard]
in APPPATH\Views\dashboardView.php on line 88.
 1 APPPATH\Views\dashboardView.php(88): CodeIgniter\Debug\Exceptions->errorHandler(2, 'Undefined variable $absen', 'C:\\Project\\2024\\absensinurul\\app\\Views\\dashboardView.php', 88)
 2 SYSTEMPATH\View\View.php(234): include('C:\\Project\\2024\\absensinurul\\app\\Views\\dashboardView.php')
 3 SYSTEMPATH\View\View.php(237): CodeIgniter\View\View->CodeIgniter\View\{closure}()
 4 SYSTEMPATH\Common.php(1171): CodeIgniter\View\View->render('dashboardView', [], true)
 5 APPPATH\Controllers\Dashboard.php(15): view('dashboardView')
 6 SYSTEMPATH\CodeIgniter.php(903): App\Controllers\Dashboard->__construct()
 7 SYSTEMPATH\CodeIgniter.php(500): CodeIgniter\CodeIgniter->createController()
 8 SYSTEMPATH\CodeIgniter.php(355): CodeIgniter\CodeIgniter->handleRequest(null, Object(Config\Cache), false)
 9 SYSTEMPATH\Boot.php(325): CodeIgniter\CodeIgniter->run()
10 SYSTEMPATH\Boot.php(67): CodeIgniter\Boot::runCodeIgniter(Object(CodeIgniter\CodeIgniter))
11 FCPATH\index.php(56): CodeIgniter\Boot::bootWeb(Object(Config\Paths))
INFO - 2025-01-07 03:42:09 --> Session: Class initialized using 'CodeIgniter\Session\Handlers\FileHandler' driver.
CRITICAL - 2025-01-07 03:42:09 --> ErrorException: Undefined variable $absen
[Method: GET, Route: dashboard]
in APPPATH\Views\dashboardView.php on line 88.
 1 APPPATH\Views\dashboardView.php(88): CodeIgniter\Debug\Exceptions->errorHandler(2, 'Undefined variable $absen', 'C:\\Project\\2024\\absensinurul\\app\\Views\\dashboardView.php', 88)
 2 SYSTEMPATH\View\View.php(234): include('C:\\Project\\2024\\absensinurul\\app\\Views\\dashboardView.php')
 3 SYSTEMPATH\View\View.php(237): CodeIgniter\View\View->CodeIgniter\View\{closure}()
 4 SYSTEMPATH\Common.php(1171): CodeIgniter\View\View->render('dashboardView', [], true)
 5 APPPATH\Controllers\Dashboard.php(15): view('dashboardView')
 6 SYSTEMPATH\CodeIgniter.php(903): App\Controllers\Dashboard->__construct()
 7 SYSTEMPATH\CodeIgniter.php(500): CodeIgniter\CodeIgniter->createController()
 8 SYSTEMPATH\CodeIgniter.php(355): CodeIgniter\CodeIgniter->handleRequest(null, Object(Config\Cache), false)
 9 SYSTEMPATH\Boot.php(325): CodeIgniter\CodeIgniter->run()
10 SYSTEMPATH\Boot.php(67): CodeIgniter\Boot::runCodeIgniter(Object(CodeIgniter\CodeIgniter))
11 FCPATH\index.php(56): CodeIgniter\Boot::bootWeb(Object(Config\Paths))
INFO - 2025-01-07 03:42:16 --> Session: Class initialized using 'CodeIgniter\Session\Handlers\FileHandler' driver.
INFO - 2025-01-07 03:42:16 --> Session: Class initialized using 'CodeIgniter\Session\Handlers\FileHandler' driver.
INFO - 2025-01-07 03:42:40 --> Session: Class initialized using 'CodeIgniter\Session\Handlers\FileHandler' driver.
INFO - 2025-01-07 03:42:40 --> Session: Class initialized using 'CodeIgniter\Session\Handlers\FileHandler' driver.
INFO - 2025-01-07 03:43:03 --> Session: Class initialized using 'CodeIgniter\Session\Handlers\FileHandler' driver.
CRITICAL - 2025-01-07 03:43:03 --> ErrorException: Undefined variable $absen
[Method: GET, Route: dashboard]
in APPPATH\Views\dashboardView.php on line 88.
 1 APPPATH\Views\dashboardView.php(88): CodeIgniter\Debug\Exceptions->errorHandler(2, 'Undefined variable $absen', 'C:\\Project\\2024\\absensinurul\\app\\Views\\dashboardView.php', 88)
 2 SYSTEMPATH\View\View.php(234): include('C:\\Project\\2024\\absensinurul\\app\\Views\\dashboardView.php')
 3 SYSTEMPATH\View\View.php(237): CodeIgniter\View\View->CodeIgniter\View\{closure}()
 4 SYSTEMPATH\Common.php(1171): CodeIgniter\View\View->render('dashboardView', [], true)
 5 APPPATH\Controllers\Dashboard.php(15): view('dashboardView')
 6 SYSTEMPATH\CodeIgniter.php(903): App\Controllers\Dashboard->__construct()
 7 SYSTEMPATH\CodeIgniter.php(500): CodeIgniter\CodeIgniter->createController()
 8 SYSTEMPATH\CodeIgniter.php(355): CodeIgniter\CodeIgniter->handleRequest(null, Object(Config\Cache), false)
 9 SYSTEMPATH\Boot.php(325): CodeIgniter\CodeIgniter->run()
10 SYSTEMPATH\Boot.php(67): CodeIgniter\Boot::runCodeIgniter(Object(CodeIgniter\CodeIgniter))
11 FCPATH\index.php(56): CodeIgniter\Boot::bootWeb(Object(Config\Paths))
INFO - 2025-01-07 03:43:03 --> Session: Class initialized using 'CodeIgniter\Session\Handlers\FileHandler' driver.
CRITICAL - 2025-01-07 03:43:03 --> ErrorException: Undefined variable $absen
[Method: GET, Route: dashboard]
in APPPATH\Views\dashboardView.php on line 88.
 1 APPPATH\Views\dashboardView.php(88): CodeIgniter\Debug\Exceptions->errorHandler(2, 'Undefined variable $absen', 'C:\\Project\\2024\\absensinurul\\app\\Views\\dashboardView.php', 88)
 2 SYSTEMPATH\View\View.php(234): include('C:\\Project\\2024\\absensinurul\\app\\Views\\dashboardView.php')
 3 SYSTEMPATH\View\View.php(237): CodeIgniter\View\View->CodeIgniter\View\{closure}()
 4 SYSTEMPATH\Common.php(1171): CodeIgniter\View\View->render('dashboardView', [], true)
 5 APPPATH\Controllers\Dashboard.php(15): view('dashboardView')
 6 SYSTEMPATH\CodeIgniter.php(903): App\Controllers\Dashboard->__construct()
 7 SYSTEMPATH\CodeIgniter.php(500): CodeIgniter\CodeIgniter->createController()
 8 SYSTEMPATH\CodeIgniter.php(355): CodeIgniter\CodeIgniter->handleRequest(null, Object(Config\Cache), false)
 9 SYSTEMPATH\Boot.php(325): CodeIgniter\CodeIgniter->run()
10 SYSTEMPATH\Boot.php(67): CodeIgniter\Boot::runCodeIgniter(Object(CodeIgniter\CodeIgniter))
11 FCPATH\index.php(56): CodeIgniter\Boot::bootWeb(Object(Config\Paths))
INFO - 2025-01-07 03:44:17 --> Session: Class initialized using 'CodeIgniter\Session\Handlers\FileHandler' driver.
CRITICAL - 2025-01-07 03:44:17 --> ErrorException: Undefined variable $absen
[Method: GET, Route: dashboard]
in APPPATH\Views\dashboardView.php on line 88.
 1 APPPATH\Views\dashboardView.php(88): CodeIgniter\Debug\Exceptions->errorHandler(2, 'Undefined variable $absen', 'C:\\Project\\2024\\absensinurul\\app\\Views\\dashboardView.php', 88)
 2 SYSTEMPATH\View\View.php(234): include('C:\\Project\\2024\\absensinurul\\app\\Views\\dashboardView.php')
 3 SYSTEMPATH\View\View.php(237): CodeIgniter\View\View->CodeIgniter\View\{closure}()
 4 SYSTEMPATH\Common.php(1171): CodeIgniter\View\View->render('dashboardView', [], true)
 5 APPPATH\Controllers\Dashboard.php(15): view('dashboardView')
 6 SYSTEMPATH\CodeIgniter.php(903): App\Controllers\Dashboard->__construct()
 7 SYSTEMPATH\CodeIgniter.php(500): CodeIgniter\CodeIgniter->createController()
 8 SYSTEMPATH\CodeIgniter.php(355): CodeIgniter\CodeIgniter->handleRequest(null, Object(Config\Cache), false)
 9 SYSTEMPATH\Boot.php(325): CodeIgniter\CodeIgniter->run()
10 SYSTEMPATH\Boot.php(67): CodeIgniter\Boot::runCodeIgniter(Object(CodeIgniter\CodeIgniter))
11 FCPATH\index.php(56): CodeIgniter\Boot::bootWeb(Object(Config\Paths))
INFO - 2025-01-07 03:44:17 --> Session: Class initialized using 'CodeIgniter\Session\Handlers\FileHandler' driver.
CRITICAL - 2025-01-07 03:44:17 --> ErrorException: Undefined variable $absen
[Method: GET, Route: dashboard]
in APPPATH\Views\dashboardView.php on line 88.
 1 APPPATH\Views\dashboardView.php(88): CodeIgniter\Debug\Exceptions->errorHandler(2, 'Undefined variable $absen', 'C:\\Project\\2024\\absensinurul\\app\\Views\\dashboardView.php', 88)
 2 SYSTEMPATH\View\View.php(234): include('C:\\Project\\2024\\absensinurul\\app\\Views\\dashboardView.php')
 3 SYSTEMPATH\View\View.php(237): CodeIgniter\View\View->CodeIgniter\View\{closure}()
 4 SYSTEMPATH\Common.php(1171): CodeIgniter\View\View->render('dashboardView', [], true)
 5 APPPATH\Controllers\Dashboard.php(15): view('dashboardView')
 6 SYSTEMPATH\CodeIgniter.php(903): App\Controllers\Dashboard->__construct()
 7 SYSTEMPATH\CodeIgniter.php(500): CodeIgniter\CodeIgniter->createController()
 8 SYSTEMPATH\CodeIgniter.php(355): CodeIgniter\CodeIgniter->handleRequest(null, Object(Config\Cache), false)
 9 SYSTEMPATH\Boot.php(325): CodeIgniter\CodeIgniter->run()
10 SYSTEMPATH\Boot.php(67): CodeIgniter\Boot::runCodeIgniter(Object(CodeIgniter\CodeIgniter))
11 FCPATH\index.php(56): CodeIgniter\Boot::bootWeb(Object(Config\Paths))
INFO - 2025-01-07 03:45:01 --> Session: Class initialized using 'CodeIgniter\Session\Handlers\FileHandler' driver.
CRITICAL - 2025-01-07 03:45:01 --> ErrorException: Undefined variable $cekabsen
[Method: GET, Route: dashboard]
in APPPATH\Views\dashboardView.php on line 88.
 1 APPPATH\Views\dashboardView.php(88): CodeIgniter\Debug\Exceptions->errorHandler(2, 'Undefined variable $cekabsen', 'C:\\Project\\2024\\absensinurul\\app\\Views\\dashboardView.php', 88)
 2 SYSTEMPATH\View\View.php(234): include('C:\\Project\\2024\\absensinurul\\app\\Views\\dashboardView.php')
 3 SYSTEMPATH\View\View.php(237): CodeIgniter\View\View->CodeIgniter\View\{closure}()
 4 SYSTEMPATH\Common.php(1171): CodeIgniter\View\View->render('dashboardView', [], true)
 5 APPPATH\Controllers\Dashboard.php(15): view('dashboardView')
 6 SYSTEMPATH\CodeIgniter.php(903): App\Controllers\Dashboard->__construct()
 7 SYSTEMPATH\CodeIgniter.php(500): CodeIgniter\CodeIgniter->createController()
 8 SYSTEMPATH\CodeIgniter.php(355): CodeIgniter\CodeIgniter->handleRequest(null, Object(Config\Cache), false)
 9 SYSTEMPATH\Boot.php(325): CodeIgniter\CodeIgniter->run()
10 SYSTEMPATH\Boot.php(67): CodeIgniter\Boot::runCodeIgniter(Object(CodeIgniter\CodeIgniter))
11 FCPATH\index.php(56): CodeIgniter\Boot::bootWeb(Object(Config\Paths))
INFO - 2025-01-07 03:45:01 --> Session: Class initialized using 'CodeIgniter\Session\Handlers\FileHandler' driver.
CRITICAL - 2025-01-07 03:45:01 --> ErrorException: Undefined variable $cekabsen
[Method: GET, Route: dashboard]
in APPPATH\Views\dashboardView.php on line 88.
 1 APPPATH\Views\dashboardView.php(88): CodeIgniter\Debug\Exceptions->errorHandler(2, 'Undefined variable $cekabsen', 'C:\\Project\\2024\\absensinurul\\app\\Views\\dashboardView.php', 88)
 2 SYSTEMPATH\View\View.php(234): include('C:\\Project\\2024\\absensinurul\\app\\Views\\dashboardView.php')
 3 SYSTEMPATH\View\View.php(237): CodeIgniter\View\View->CodeIgniter\View\{closure}()
 4 SYSTEMPATH\Common.php(1171): CodeIgniter\View\View->render('dashboardView', [], true)
 5 APPPATH\Controllers\Dashboard.php(15): view('dashboardView')
 6 SYSTEMPATH\CodeIgniter.php(903): App\Controllers\Dashboard->__construct()
 7 SYSTEMPATH\CodeIgniter.php(500): CodeIgniter\CodeIgniter->createController()
 8 SYSTEMPATH\CodeIgniter.php(355): CodeIgniter\CodeIgniter->handleRequest(null, Object(Config\Cache), false)
 9 SYSTEMPATH\Boot.php(325): CodeIgniter\CodeIgniter->run()
10 SYSTEMPATH\Boot.php(67): CodeIgniter\Boot::runCodeIgniter(Object(CodeIgniter\CodeIgniter))
11 FCPATH\index.php(56): CodeIgniter\Boot::bootWeb(Object(Config\Paths))
INFO - 2025-01-07 03:47:16 --> Session: Class initialized using 'CodeIgniter\Session\Handlers\FileHandler' driver.
CRITICAL - 2025-01-07 03:47:16 --> ErrorException: Undefined variable $cekabsen
[Method: GET, Route: dashboard]
in APPPATH\Views\dashboardView.php on line 88.
 1 APPPATH\Views\dashboardView.php(88): CodeIgniter\Debug\Exceptions->errorHandler(2, 'Undefined variable $cekabsen', 'C:\\Project\\2024\\absensinurul\\app\\Views\\dashboardView.php', 88)
 2 SYSTEMPATH\View\View.php(234): include('C:\\Project\\2024\\absensinurul\\app\\Views\\dashboardView.php')
 3 SYSTEMPATH\View\View.php(237): CodeIgniter\View\View->CodeIgniter\View\{closure}()
 4 SYSTEMPATH\Common.php(1171): CodeIgniter\View\View->render('dashboardView', [], true)
 5 APPPATH\Controllers\Dashboard.php(15): view('dashboardView')
 6 SYSTEMPATH\CodeIgniter.php(903): App\Controllers\Dashboard->__construct()
 7 SYSTEMPATH\CodeIgniter.php(500): CodeIgniter\CodeIgniter->createController()
 8 SYSTEMPATH\CodeIgniter.php(355): CodeIgniter\CodeIgniter->handleRequest(null, Object(Config\Cache), false)
 9 SYSTEMPATH\Boot.php(325): CodeIgniter\CodeIgniter->run()
10 SYSTEMPATH\Boot.php(67): CodeIgniter\Boot::runCodeIgniter(Object(CodeIgniter\CodeIgniter))
11 FCPATH\index.php(56): CodeIgniter\Boot::bootWeb(Object(Config\Paths))
INFO - 2025-01-07 03:47:17 --> Session: Class initialized using 'CodeIgniter\Session\Handlers\FileHandler' driver.
CRITICAL - 2025-01-07 03:47:17 --> ErrorException: Undefined variable $cekabsen
[Method: GET, Route: dashboard]
in APPPATH\Views\dashboardView.php on line 88.
 1 APPPATH\Views\dashboardView.php(88): CodeIgniter\Debug\Exceptions->errorHandler(2, 'Undefined variable $cekabsen', 'C:\\Project\\2024\\absensinurul\\app\\Views\\dashboardView.php', 88)
 2 SYSTEMPATH\View\View.php(234): include('C:\\Project\\2024\\absensinurul\\app\\Views\\dashboardView.php')
 3 SYSTEMPATH\View\View.php(237): CodeIgniter\View\View->CodeIgniter\View\{closure}()
 4 SYSTEMPATH\Common.php(1171): CodeIgniter\View\View->render('dashboardView', [], true)
 5 APPPATH\Controllers\Dashboard.php(15): view('dashboardView')
 6 SYSTEMPATH\CodeIgniter.php(903): App\Controllers\Dashboard->__construct()
 7 SYSTEMPATH\CodeIgniter.php(500): CodeIgniter\CodeIgniter->createController()
 8 SYSTEMPATH\CodeIgniter.php(355): CodeIgniter\CodeIgniter->handleRequest(null, Object(Config\Cache), false)
 9 SYSTEMPATH\Boot.php(325): CodeIgniter\CodeIgniter->run()
10 SYSTEMPATH\Boot.php(67): CodeIgniter\Boot::runCodeIgniter(Object(CodeIgniter\CodeIgniter))
11 FCPATH\index.php(56): CodeIgniter\Boot::bootWeb(Object(Config\Paths))
INFO - 2025-01-07 03:47:25 --> Session: Class initialized using 'CodeIgniter\Session\Handlers\FileHandler' driver.
INFO - 2025-01-07 03:47:25 --> Session: Class initialized using 'CodeIgniter\Session\Handlers\FileHandler' driver.
INFO - 2025-01-07 03:48:17 --> Session: Class initialized using 'CodeIgniter\Session\Handlers\FileHandler' driver.
INFO - 2025-01-07 03:48:18 --> Session: Class initialized using 'CodeIgniter\Session\Handlers\FileHandler' driver.
INFO - 2025-01-07 03:48:55 --> Session: Class initialized using 'CodeIgniter\Session\Handlers\FileHandler' driver.
INFO - 2025-01-07 03:48:56 --> Session: Class initialized using 'CodeIgniter\Session\Handlers\FileHandler' driver.
INFO - 2025-01-07 03:49:12 --> Session: Class initialized using 'CodeIgniter\Session\Handlers\FileHandler' driver.
INFO - 2025-01-07 03:49:13 --> Session: Class initialized using 'CodeIgniter\Session\Handlers\FileHandler' driver.
INFO - 2025-01-07 03:51:04 --> Session: Class initialized using 'CodeIgniter\Session\Handlers\FileHandler' driver.
INFO - 2025-01-07 03:51:05 --> Session: Class initialized using 'CodeIgniter\Session\Handlers\FileHandler' driver.
INFO - 2025-01-07 03:54:43 --> Session: Class initialized using 'CodeIgniter\Session\Handlers\FileHandler' driver.
INFO - 2025-01-07 03:54:44 --> Session: Class initialized using 'CodeIgniter\Session\Handlers\FileHandler' driver.
INFO - 2025-01-07 03:55:54 --> Session: Class initialized using 'CodeIgniter\Session\Handlers\FileHandler' driver.
INFO - 2025-01-07 03:55:54 --> Session: Class initialized using 'CodeIgniter\Session\Handlers\FileHandler' driver.
INFO - 2025-01-07 03:56:11 --> Session: Class initialized using 'CodeIgniter\Session\Handlers\FileHandler' driver.
INFO - 2025-01-07 04:47:20 --> Session: Class initialized using 'CodeIgniter\Session\Handlers\FileHandler' driver.
CRITICAL - 2025-01-07 04:47:21 --> ErrorException: Undefined variable $type_users
[Method: GET, Route: absensi]
in APPPATH\Views\absensiView.php on line 83.
 1 APPPATH\Views\absensiView.php(83): CodeIgniter\Debug\Exceptions->errorHandler(2, 'Undefined variable $type_users', 'C:\\Project\\2024\\absensinurul\\app\\Views\\absensiView.php', 83)
 2 SYSTEMPATH\View\View.php(234): include('C:\\Project\\2024\\absensinurul\\app\\Views\\absensiView.php')
 3 SYSTEMPATH\View\View.php(237): CodeIgniter\View\View->CodeIgniter\View\{closure}()
 4 SYSTEMPATH\Common.php(1171): CodeIgniter\View\View->render('absensiView', [], true)
 5 APPPATH\Controllers\Absensi.php(24): view('absensiView', [...])
 6 SYSTEMPATH\CodeIgniter.php(933): App\Controllers\Absensi->index()
 7 SYSTEMPATH\CodeIgniter.php(509): CodeIgniter\CodeIgniter->runController(Object(App\Controllers\Absensi))
 8 SYSTEMPATH\CodeIgniter.php(355): CodeIgniter\CodeIgniter->handleRequest(null, Object(Config\Cache), false)
 9 SYSTEMPATH\Boot.php(325): CodeIgniter\CodeIgniter->run()
10 SYSTEMPATH\Boot.php(67): CodeIgniter\Boot::runCodeIgniter(Object(CodeIgniter\CodeIgniter))
11 FCPATH\index.php(56): CodeIgniter\Boot::bootWeb(Object(Config\Paths))
INFO - 2025-01-07 04:47:31 --> Session: Class initialized using 'CodeIgniter\Session\Handlers\FileHandler' driver.
INFO - 2025-01-07 04:47:45 --> Session: Class initialized using 'CodeIgniter\Session\Handlers\FileHandler' driver.
INFO - 2025-01-07 04:48:52 --> Session: Class initialized using 'CodeIgniter\Session\Handlers\FileHandler' driver.
INFO - 2025-01-07 04:49:26 --> Session: Class initialized using 'CodeIgniter\Session\Handlers\FileHandler' driver.
INFO - 2025-01-07 04:49:31 --> Session: Class initialized using 'CodeIgniter\Session\Handlers\FileHandler' driver.
INFO - 2025-01-07 04:50:49 --> Session: Class initialized using 'CodeIgniter\Session\Handlers\FileHandler' driver.
INFO - 2025-01-07 04:50:53 --> Session: Class initialized using 'CodeIgniter\Session\Handlers\FileHandler' driver.
INFO - 2025-01-07 04:50:53 --> Session: Class initialized using 'CodeIgniter\Session\Handlers\FileHandler' driver.
INFO - 2025-01-07 04:51:19 --> Session: Class initialized using 'CodeIgniter\Session\Handlers\FileHandler' driver.
INFO - 2025-01-07 04:51:19 --> Session: Class initialized using 'CodeIgniter\Session\Handlers\FileHandler' driver.
INFO - 2025-01-07 04:51:19 --> Session: Class initialized using 'CodeIgniter\Session\Handlers\FileHandler' driver.
INFO - 2025-01-07 04:51:19 --> Session: Class initialized using 'CodeIgniter\Session\Handlers\FileHandler' driver.
INFO - 2025-01-07 04:51:19 --> Session: Class initialized using 'CodeIgniter\Session\Handlers\FileHandler' driver.
INFO - 2025-01-07 04:51:19 --> Session: Class initialized using 'CodeIgniter\Session\Handlers\FileHandler' driver.
INFO - 2025-01-07 04:51:19 --> Session: Class initialized using 'CodeIgniter\Session\Handlers\FileHandler' driver.
INFO - 2025-01-07 04:51:27 --> Session: Class initialized using 'CodeIgniter\Session\Handlers\FileHandler' driver.
INFO - 2025-01-07 04:51:27 --> Session: Class initialized using 'CodeIgniter\Session\Handlers\FileHandler' driver.
INFO - 2025-01-07 04:51:27 --> Session: Class initialized using 'CodeIgniter\Session\Handlers\FileHandler' driver.
INFO - 2025-01-07 04:52:37 --> Session: Class initialized using 'CodeIgniter\Session\Handlers\FileHandler' driver.
INFO - 2025-01-07 04:52:46 --> Session: Class initialized using 'CodeIgniter\Session\Handlers\FileHandler' driver.
INFO - 2025-01-07 04:52:46 --> Session: Class initialized using 'CodeIgniter\Session\Handlers\FileHandler' driver.
INFO - 2025-01-07 04:52:47 --> Session: Class initialized using 'CodeIgniter\Session\Handlers\FileHandler' driver.
INFO - 2025-01-07 04:52:47 --> Session: Class initialized using 'CodeIgniter\Session\Handlers\FileHandler' driver.
INFO - 2025-01-07 04:52:47 --> Session: Class initialized using 'CodeIgniter\Session\Handlers\FileHandler' driver.
INFO - 2025-01-07 04:54:01 --> Session: Class initialized using 'CodeIgniter\Session\Handlers\FileHandler' driver.
INFO - 2025-01-07 04:54:10 --> Session: Class initialized using 'CodeIgniter\Session\Handlers\FileHandler' driver.
INFO - 2025-01-07 04:54:13 --> Session: Class initialized using 'CodeIgniter\Session\Handlers\FileHandler' driver.
INFO - 2025-01-07 04:54:13 --> Session: Class initialized using 'CodeIgniter\Session\Handlers\FileHandler' driver.
INFO - 2025-01-07 06:20:30 --> Session: Class initialized using 'CodeIgniter\Session\Handlers\FileHandler' driver.
INFO - 2025-01-07 06:20:41 --> Session: Class initialized using 'CodeIgniter\Session\Handlers\FileHandler' driver.
